#
# There is insufficient memory for the Java Runtime Environment to continue.
# Native memory allocation (malloc) failed to allocate 448288 bytes for Chunk::new
# Possible reasons:
#   The system is out of physical RAM or swap space
#   The process is running with CompressedOops enabled, and the Java Heap may be blocking the growth of the native heap
# Possible solutions:
#   Reduce memory load on the system
#   Increase physical memory or swap space
#   Check if swap backing store is full
#   Decrease Java heap size (-Xmx/-Xms)
#   Decrease number of Java threads
#   Decrease Java thread stack sizes (-Xss)
#   Set larger code cache with -XX:ReservedCodeCacheSize=
#   JVM is running with Zero Based Compressed Oops mode in which the Java heap is
#     placed in the first 32GB address space. The Java Heap base address is the
#     maximum limit for the native heap growth. Please use -XX:HeapBaseMinAddress
#     to set the Java Heap base and to place the Java Heap above 32GB virtual address.
# This output file may be truncated or incomplete.
#
#  Out of Memory Error (arena.cpp:184), pid=22504, tid=34720
#
# JRE version: Java(TM) SE Runtime Environment (20.0.2+9) (build 20.0.2+9-78)
# Java VM: Java HotSpot(TM) 64-Bit Server VM (20.0.2+9-78, mixed mode, sharing, tiered, compressed oops, compressed class ptrs, g1 gc, windows-amd64)
# No core dump will be written. Minidumps are not enabled by default on client versions of Windows
#

---------------  S U M M A R Y ------------

Command Line: -Dfile.encoding=UTF-8 --module-path=D:\SHARE_CODE_JAVA\CHAT_APPLICATION\APPCHAT\bin;D:\SHARE_CODE_JAVA\CHAT_APPLICATION\APPCHAT\src\lib\engine.io-client-1.0.1.jar;D:\SHARE_CODE_JAVA\CHAT_APPLICATION\APPCHAT\src\lib\flatlaf-3.4.1.jar;D:\SHARE_CODE_JAVA\CHAT_APPLICATION\APPCHAT\src\lib\flatlaf-fonts-roboto-2.137.jar;D:\SHARE_CODE_JAVA\CHAT_APPLICATION\APPCHAT\src\lib\jcalendar-1.4.jar;D:\SHARE_CODE_JAVA\CHAT_APPLICATION\APPCHAT\src\lib\jgoodies-common-1.2.0.jar;D:\SHARE_CODE_JAVA\CHAT_APPLICATION\APPCHAT\src\lib\jgoodies-looks-2.4.1.jar;D:\SHARE_CODE_JAVA\CHAT_APPLICATION\APPCHAT\src\lib\JPlanner.jar;D:\SHARE_CODE_JAVA\CHAT_APPLICATION\APPCHAT\src\lib\json-20090211.jar;D:\SHARE_CODE_JAVA\CHAT_APPLICATION\APPCHAT\src\lib\junit-4.6.jar;D:\SHARE_CODE_JAVA\CHAT_APPLICATION\APPCHAT\src\lib\miglayout-4.0.jar;D:\SHARE_CODE_JAVA\CHAT_APPLICATION\APPCHAT\src\lib\mysql-connector-j-8.2.0.jar;D:\SHARE_CODE_JAVA\CHAT_APPLICATION\APPCHAT\src\lib\okhttp-3.12.12.jar;D:\SHARE_CODE_JAVA\CHAT_APPLICATION\APPCHAT\src\lib\okio-1.15.0.jar;D:\SHARE_CODE_JAVA\CHAT_APPLICATION\APPCHAT\src\lib\socket.io-client-1.0.1.jar -XX:+ShowCodeDetailsInExceptionMessages -Djdk.module.main=APPCHAT APPCHAT/view.Main

Host: 13th Gen Intel(R) Core(TM) i5-1340P, 16 cores, 15G,  Windows 11 , 64 bit Build 22621 (10.0.22621.3527)
Time: Thu May 23 04:10:14 2024 SE Asia Standard Time elapsed time: 80.745340 seconds (0d 0h 1m 20s)

---------------  T H R E A D  ---------------

Current thread (0x000001d7ff9823d0):  JavaThread "C2 CompilerThread0" daemon [_thread_in_native, id=34720, stack(0x0000006f27900000,0x0000006f27a00000)]


Current CompileTask:
C2:  80745 3412   !   4       sun.java2d.SunGraphics2D::fillRect (74 bytes)

Stack: [0x0000006f27900000,0x0000006f27a00000]
Native frames: (J=compiled Java code, j=interpreted, Vv=VM code, C=native code)
V  [jvm.dll+0x6bc25a]
V  [jvm.dll+0x84971a]
V  [jvm.dll+0x84b315]
V  [jvm.dll+0x84ba13]
V  [jvm.dll+0x280e4f]
V  [jvm.dll+0xc2ab1]
V  [jvm.dll+0xc2dd5]
V  [jvm.dll+0x3bb64c]
V  [jvm.dll+0x385b75]
V  [jvm.dll+0x384fea]
V  [jvm.dll+0x24b529]
V  [jvm.dll+0x24a921]
V  [jvm.dll+0x1ce761]
V  [jvm.dll+0x25a0eb]
V  [jvm.dll+0x2587c0]
V  [jvm.dll+0x3f2dd5]
V  [jvm.dll+0x7f5c76]
V  [jvm.dll+0x6baecb]
C  [ucrtbase.dll+0x29333]
C  [KERNEL32.DLL+0x1257d]
C  [ntdll.dll+0x5aa48]


---------------  P R O C E S S  ---------------

Threads class SMR info:
_java_thread_list=0x000001d7cbf24150, length=17, elements={
0x000001d7ff973130, 0x000001d7ff973d30, 0x000001d7ff9789c0, 0x000001d7ff97e5e0,
0x000001d7ff97b070, 0x000001d7ff97ef20, 0x000001d7ff9823d0, 0x000001d7ff988920,
0x000001d7ff949a60, 0x000001d7c92da470, 0x000001d7c95d0f80, 0x000001d7c95db110,
0x000001d7c95db660, 0x000001d7c9633c90, 0x000001d7e38ecda0, 0x000001d7c9801a40,
0x000001d7c9b02c50
}

Java Threads: ( => current thread )
  0x000001d7ff973130 JavaThread "Reference Handler" daemon [_thread_blocked, id=26576, stack(0x0000006f27300000,0x0000006f27400000)]
  0x000001d7ff973d30 JavaThread "Finalizer" daemon [_thread_blocked, id=20612, stack(0x0000006f27400000,0x0000006f27500000)]
  0x000001d7ff9789c0 JavaThread "Signal Dispatcher" daemon [_thread_blocked, id=28320, stack(0x0000006f27500000,0x0000006f27600000)]
  0x000001d7ff97e5e0 JavaThread "Attach Listener" daemon [_thread_blocked, id=20496, stack(0x0000006f27600000,0x0000006f27700000)]
  0x000001d7ff97b070 JavaThread "Service Thread" daemon [_thread_blocked, id=11752, stack(0x0000006f27700000,0x0000006f27800000)]
  0x000001d7ff97ef20 JavaThread "Monitor Deflation Thread" daemon [_thread_blocked, id=30828, stack(0x0000006f27800000,0x0000006f27900000)]
=>0x000001d7ff9823d0 JavaThread "C2 CompilerThread0" daemon [_thread_in_native, id=34720, stack(0x0000006f27900000,0x0000006f27a00000)]
  0x000001d7ff988920 JavaThread "C1 CompilerThread0" daemon [_thread_blocked, id=25516, stack(0x0000006f27a00000,0x0000006f27b00000)]
  0x000001d7ff949a60 JavaThread "Common-Cleaner" daemon [_thread_blocked, id=34752, stack(0x0000006f27c00000,0x0000006f27d00000)]
  0x000001d7c92da470 JavaThread "Notification Thread" daemon [_thread_blocked, id=17372, stack(0x0000006f28100000,0x0000006f28200000)]
  0x000001d7c95d0f80 JavaThread "Java2D Disposer" daemon [_thread_blocked, id=25080, stack(0x0000006f28300000,0x0000006f28400000)]
  0x000001d7c95db110 JavaThread "AWT-Shutdown" [_thread_blocked, id=25696, stack(0x0000006f28400000,0x0000006f28500000)]
  0x000001d7c95db660 JavaThread "AWT-Windows" daemon [_thread_in_native, id=36100, stack(0x0000006f28500000,0x0000006f28600000)]
  0x000001d7c9633c90 JavaThread "AWT-EventQueue-0" [_thread_in_native, id=10736, stack(0x0000006f27d00000,0x0000006f27e00000)]
  0x000001d7e38ecda0 JavaThread "DestroyJavaVM" [_thread_blocked, id=36084, stack(0x0000006f26c00000,0x0000006f26d00000)]
  0x000001d7c9801a40 JavaThread "Thread-0" [_thread_in_native, id=7144, stack(0x0000006f28700000,0x0000006f28800000)]
  0x000001d7c9b02c50 JavaThread "TimerQueue" daemon [_thread_blocked, id=19572, stack(0x0000006f28600000,0x0000006f28700000)]

Other Threads:
  0x000001d7ff95def0 VMThread "VM Thread" [stack: 0x0000006f27200000,0x0000006f27300000] [id=33764]
  0x000001d7e38efbd0 WatcherThread "VM Periodic Task Thread" [stack: 0x0000006f28200000,0x0000006f28300000] [id=29036]
  0x000001d7e39623d0 WorkerThread "GC Thread#0" [stack: 0x0000006f26d00000,0x0000006f26e00000] [id=5808]
  0x000001d7c91bb920 WorkerThread "GC Thread#1" [stack: 0x0000006f28b00000,0x0000006f28c00000] [id=32884]
  0x000001d7c9b1ed00 WorkerThread "GC Thread#2" [stack: 0x0000006f28c00000,0x0000006f28d00000] [id=15632]
  0x000001d7c9b1cb40 WorkerThread "GC Thread#3" [stack: 0x0000006f28d00000,0x0000006f28e00000] [id=33680]
  0x000001d7c9b1f840 WorkerThread "GC Thread#4" [stack: 0x0000006f28e00000,0x0000006f28f00000] [id=33152]
  0x000001d7c9b1dc20 WorkerThread "GC Thread#5" [stack: 0x0000006f28f00000,0x0000006f29000000] [id=35200]
  0x000001d7c9b1fb10 WorkerThread "GC Thread#6" [stack: 0x0000006f29000000,0x0000006f29100000] [id=30740]
  0x000001d7c9b1d0e0 WorkerThread "GC Thread#7" [stack: 0x0000006f29100000,0x0000006f29200000] [id=16612]
  0x000001d7c9b1d680 WorkerThread "GC Thread#8" [stack: 0x0000006f29200000,0x0000006f29300000] [id=8076]
  0x000001d7c9b1d3b0 WorkerThread "GC Thread#9" [stack: 0x0000006f29300000,0x0000006f29400000] [id=23820]
  0x000001d7c9b20650 WorkerThread "GC Thread#10" [stack: 0x0000006f29400000,0x0000006f29500000] [id=13664]
  0x000001d7c9b1e1c0 WorkerThread "GC Thread#11" [stack: 0x0000006f29600000,0x0000006f29700000] [id=27096]
  0x000001d7c9b1fde0 WorkerThread "GC Thread#12" [stack: 0x0000006f29700000,0x0000006f29800000] [id=36748]
  0x000001d7e39736a0 ConcurrentGCThread "G1 Main Marker" [stack: 0x0000006f26e00000,0x0000006f26f00000] [id=33028]
  0x000001d7e3973fd0 WorkerThread "G1 Conc#0" [stack: 0x0000006f26f00000,0x0000006f27000000] [id=33996]
  0x000001d7ff81c4f0 ConcurrentGCThread "G1 Refine#0" [stack: 0x0000006f27000000,0x0000006f27100000] [id=3144]
  0x000001d7ff81ce90 ConcurrentGCThread "G1 Service" [stack: 0x0000006f27100000,0x0000006f27200000] [id=35836]

Threads with active compile tasks:
C2 CompilerThread0    80774 3412   !   4       sun.java2d.SunGraphics2D::fillRect (74 bytes)

VM state: not at safepoint (normal execution)

VM Mutex/Monitor currently owned by a thread: None

Heap address: 0x0000000705000000, size: 4016 MB, Compressed Oops mode: Zero based, Oop shift amount: 3

CDS archive(s) mapped at: [0x000001d784000000-0x000001d784c60000-0x000001d784c60000), size 12976128, SharedBaseAddress: 0x000001d784000000, ArchiveRelocationMode: 1.
Compressed class space mapped at: 0x000001d785000000-0x000001d7c5000000, reserved size: 1073741824
Narrow klass base: 0x000001d784000000, Narrow klass shift: 0, Narrow klass range: 0x100000000

GC Precious Log:
 CardTable entry size: 512
 Card Set container configuration: InlinePtr #cards 4 size 8 Array Of Cards #cards 16 size 48 Howl #buckets 8 coarsen threshold 3686 Howl Bitmap #cards 512 size 80 coarsen threshold 460 Card regions per heap region 1 cards per card region 4096
 CPUs: 16 total, 16 available
 Memory: 16057M
 Large Page Support: Disabled
 NUMA Support: Disabled
 Compressed Oops: Enabled (Zero based)
 Heap Region Size: 2M
 Heap Min Capacity: 8M
 Heap Initial Capacity: 252M
 Heap Max Capacity: 4016M
 Pre-touch: Disabled
 Parallel Workers: 13
 Concurrent Workers: 3
 Concurrent Refinement Workers: 13
 Periodic GC: Disabled

Heap:
 garbage-first heap   total 258048K, used 118318K [0x0000000705000000, 0x0000000800000000)
  region size 2048K, 19 young (38912K), 3 survivors (6144K)
 Metaspace       used 14678K, committed 14976K, reserved 1114112K
  class space    used 1568K, committed 1728K, reserved 1048576K

Heap Regions: E=young(eden), S=young(survivor), O=old, HS=humongous(starts), HC=humongous(continues), CS=collection set, F=free, OA=open archive, CA=closed archive, TAMS=top-at-mark-start, PB=parsable bottom
|   0|0x0000000705000000, 0x0000000705200000, 0x0000000705200000|100%| O|  |TAMS 0x0000000705000000| PB 0x0000000705000000| Untracked 
|   1|0x0000000705200000, 0x0000000705400000, 0x0000000705400000|100%|HS|  |TAMS 0x0000000705200000| PB 0x0000000705200000| Complete 
|   2|0x0000000705400000, 0x0000000705600000, 0x0000000705600000|100%|HC|  |TAMS 0x0000000705400000| PB 0x0000000705400000| Complete 
|   3|0x0000000705600000, 0x0000000705800000, 0x0000000705800000|100%|HC|  |TAMS 0x0000000705600000| PB 0x0000000705600000| Complete 
|   4|0x0000000705800000, 0x0000000705a00000, 0x0000000705a00000|100%|HC|  |TAMS 0x0000000705800000| PB 0x0000000705800000| Complete 
|   5|0x0000000705a00000, 0x0000000705c00000, 0x0000000705c00000|100%|HS|  |TAMS 0x0000000705a00000| PB 0x0000000705a00000| Complete 
|   6|0x0000000705c00000, 0x0000000705e00000, 0x0000000705e00000|100%|HS|  |TAMS 0x0000000705c00000| PB 0x0000000705c00000| Complete 
|   7|0x0000000705e00000, 0x0000000706000000, 0x0000000706000000|100%|HS|  |TAMS 0x0000000705e00000| PB 0x0000000705e00000| Complete 
|   8|0x0000000706000000, 0x0000000706200000, 0x0000000706200000|100%|HS|  |TAMS 0x0000000706000000| PB 0x0000000706000000| Complete 
|   9|0x0000000706200000, 0x0000000706400000, 0x0000000706400000|100%|HS|  |TAMS 0x0000000706200000| PB 0x0000000706200000| Complete 
|  10|0x0000000706400000, 0x0000000706600000, 0x0000000706600000|100%|HS|  |TAMS 0x0000000706400000| PB 0x0000000706400000| Complete 
|  11|0x0000000706600000, 0x0000000706800000, 0x0000000706800000|100%|HS|  |TAMS 0x0000000706600000| PB 0x0000000706600000| Complete 
|  12|0x0000000706800000, 0x0000000706a00000, 0x0000000706a00000|100%|HS|  |TAMS 0x0000000706800000| PB 0x0000000706800000| Complete 
|  13|0x0000000706a00000, 0x0000000706c00000, 0x0000000706c00000|100%|HS|  |TAMS 0x0000000706a00000| PB 0x0000000706a00000| Complete 
|  14|0x0000000706c00000, 0x0000000706e00000, 0x0000000706e00000|100%|HS|  |TAMS 0x0000000706c00000| PB 0x0000000706c00000| Complete 
|  15|0x0000000706e00000, 0x0000000707000000, 0x0000000707000000|100%|HS|  |TAMS 0x0000000706e00000| PB 0x0000000706e00000| Complete 
|  16|0x0000000707000000, 0x0000000707200000, 0x0000000707200000|100%|HS|  |TAMS 0x0000000707000000| PB 0x0000000707000000| Complete 
|  17|0x0000000707200000, 0x0000000707400000, 0x0000000707400000|100%|HS|  |TAMS 0x0000000707200000| PB 0x0000000707200000| Complete 
|  18|0x0000000707400000, 0x0000000707600000, 0x0000000707600000|100%|HS|  |TAMS 0x0000000707400000| PB 0x0000000707400000| Complete 
|  19|0x0000000707600000, 0x0000000707800000, 0x0000000707800000|100%|HS|  |TAMS 0x0000000707600000| PB 0x0000000707600000| Complete 
|  20|0x0000000707800000, 0x0000000707a00000, 0x0000000707a00000|100%|HS|  |TAMS 0x0000000707800000| PB 0x0000000707800000| Complete 
|  21|0x0000000707a00000, 0x0000000707c00000, 0x0000000707c00000|100%|HS|  |TAMS 0x0000000707a00000| PB 0x0000000707a00000| Complete 
|  22|0x0000000707c00000, 0x0000000707e00000, 0x0000000707e00000|100%|HS|  |TAMS 0x0000000707c00000| PB 0x0000000707c00000| Complete 
|  23|0x0000000707e00000, 0x0000000708000000, 0x0000000708000000|100%|HS|  |TAMS 0x0000000707e00000| PB 0x0000000707e00000| Complete 
|  24|0x0000000708000000, 0x0000000708200000, 0x0000000708200000|100%|HS|  |TAMS 0x0000000708000000| PB 0x0000000708000000| Complete 
|  25|0x0000000708200000, 0x0000000708400000, 0x0000000708400000|100%|HS|  |TAMS 0x0000000708200000| PB 0x0000000708200000| Complete 
|  26|0x0000000708400000, 0x0000000708600000, 0x0000000708600000|100%|HS|  |TAMS 0x0000000708400000| PB 0x0000000708400000| Complete 
|  27|0x0000000708600000, 0x0000000708800000, 0x0000000708800000|100%|HS|  |TAMS 0x0000000708600000| PB 0x0000000708600000| Complete 
|  28|0x0000000708800000, 0x0000000708a00000, 0x0000000708a00000|100%|HS|  |TAMS 0x0000000708800000| PB 0x0000000708800000| Complete 
|  29|0x0000000708a00000, 0x0000000708c00000, 0x0000000708c00000|100%| O|  |TAMS 0x0000000708a00000| PB 0x0000000708a00000| Untracked 
|  30|0x0000000708c00000, 0x0000000708cf7c00, 0x0000000708e00000| 48%| O|  |TAMS 0x0000000708c00000| PB 0x0000000708c00000| Untracked 
|  31|0x0000000708e00000, 0x0000000709000000, 0x0000000709000000|100%|HS|  |TAMS 0x0000000708e00000| PB 0x0000000708e00000| Complete 
|  32|0x0000000709000000, 0x0000000709200000, 0x0000000709200000|100%|HS|  |TAMS 0x0000000709000000| PB 0x0000000709000000| Complete 
|  33|0x0000000709200000, 0x0000000709400000, 0x0000000709400000|100%|HS|  |TAMS 0x0000000709200000| PB 0x0000000709200000| Complete 
|  34|0x0000000709400000, 0x0000000709600000, 0x0000000709600000|100%|HS|  |TAMS 0x0000000709400000| PB 0x0000000709400000| Complete 
|  35|0x0000000709600000, 0x0000000709800000, 0x0000000709800000|100%|HS|  |TAMS 0x0000000709600000| PB 0x0000000709600000| Complete 
|  36|0x0000000709800000, 0x0000000709a00000, 0x0000000709a00000|100%|HS|  |TAMS 0x0000000709800000| PB 0x0000000709800000| Complete 
|  37|0x0000000709a00000, 0x0000000709c00000, 0x0000000709c00000|100%|HS|  |TAMS 0x0000000709a00000| PB 0x0000000709a00000| Complete 
|  38|0x0000000709c00000, 0x0000000709e00000, 0x0000000709e00000|100%|HS|  |TAMS 0x0000000709c00000| PB 0x0000000709c00000| Complete 
|  39|0x0000000709e00000, 0x000000070a000000, 0x000000070a000000|100%|HS|  |TAMS 0x0000000709e00000| PB 0x0000000709e00000| Complete 
|  40|0x000000070a000000, 0x000000070a200000, 0x000000070a200000|100%|HS|  |TAMS 0x000000070a000000| PB 0x000000070a000000| Complete 
|  41|0x000000070a200000, 0x000000070a200000, 0x000000070a400000|  0%| F|  |TAMS 0x000000070a200000| PB 0x000000070a200000| Untracked 
|  42|0x000000070a400000, 0x000000070a400000, 0x000000070a600000|  0%| F|  |TAMS 0x000000070a400000| PB 0x000000070a400000| Untracked 
|  43|0x000000070a600000, 0x000000070a600000, 0x000000070a800000|  0%| F|  |TAMS 0x000000070a600000| PB 0x000000070a600000| Untracked 
|  44|0x000000070a800000, 0x000000070a800000, 0x000000070aa00000|  0%| F|  |TAMS 0x000000070a800000| PB 0x000000070a800000| Untracked 
|  45|0x000000070aa00000, 0x000000070aa00000, 0x000000070ac00000|  0%| F|  |TAMS 0x000000070aa00000| PB 0x000000070aa00000| Untracked 
|  46|0x000000070ac00000, 0x000000070ac00000, 0x000000070ae00000|  0%| F|  |TAMS 0x000000070ac00000| PB 0x000000070ac00000| Untracked 
|  47|0x000000070ae00000, 0x000000070ae00000, 0x000000070b000000|  0%| F|  |TAMS 0x000000070ae00000| PB 0x000000070ae00000| Untracked 
|  48|0x000000070b000000, 0x000000070b000000, 0x000000070b200000|  0%| F|  |TAMS 0x000000070b000000| PB 0x000000070b000000| Untracked 
|  49|0x000000070b200000, 0x000000070b200000, 0x000000070b400000|  0%| F|  |TAMS 0x000000070b200000| PB 0x000000070b200000| Untracked 
|  50|0x000000070b400000, 0x000000070b400000, 0x000000070b600000|  0%| F|  |TAMS 0x000000070b400000| PB 0x000000070b400000| Untracked 
|  51|0x000000070b600000, 0x000000070b600000, 0x000000070b800000|  0%| F|  |TAMS 0x000000070b600000| PB 0x000000070b600000| Untracked 
|  52|0x000000070b800000, 0x000000070b800000, 0x000000070ba00000|  0%| F|  |TAMS 0x000000070b800000| PB 0x000000070b800000| Untracked 
|  53|0x000000070ba00000, 0x000000070ba00000, 0x000000070bc00000|  0%| F|  |TAMS 0x000000070ba00000| PB 0x000000070ba00000| Untracked 
|  54|0x000000070bc00000, 0x000000070bc00000, 0x000000070be00000|  0%| F|  |TAMS 0x000000070bc00000| PB 0x000000070bc00000| Untracked 
|  55|0x000000070be00000, 0x000000070be00000, 0x000000070c000000|  0%| F|  |TAMS 0x000000070be00000| PB 0x000000070be00000| Untracked 
|  56|0x000000070c000000, 0x000000070c200000, 0x000000070c200000|100%|HS|  |TAMS 0x000000070c000000| PB 0x000000070c000000| Complete 
|  57|0x000000070c200000, 0x000000070c200000, 0x000000070c400000|  0%| F|  |TAMS 0x000000070c200000| PB 0x000000070c200000| Untracked 
|  58|0x000000070c400000, 0x000000070c400000, 0x000000070c600000|  0%| F|  |TAMS 0x000000070c400000| PB 0x000000070c400000| Untracked 
|  59|0x000000070c600000, 0x000000070c600000, 0x000000070c800000|  0%| F|  |TAMS 0x000000070c600000| PB 0x000000070c600000| Untracked 
|  60|0x000000070c800000, 0x000000070c800000, 0x000000070ca00000|  0%| F|  |TAMS 0x000000070c800000| PB 0x000000070c800000| Untracked 
|  61|0x000000070ca00000, 0x000000070ca00000, 0x000000070cc00000|  0%| F|  |TAMS 0x000000070ca00000| PB 0x000000070ca00000| Untracked 
|  62|0x000000070cc00000, 0x000000070cc00000, 0x000000070ce00000|  0%| F|  |TAMS 0x000000070cc00000| PB 0x000000070cc00000| Untracked 
|  63|0x000000070ce00000, 0x000000070ce00000, 0x000000070d000000|  0%| F|  |TAMS 0x000000070ce00000| PB 0x000000070ce00000| Untracked 
|  64|0x000000070d000000, 0x000000070d000000, 0x000000070d200000|  0%| F|  |TAMS 0x000000070d000000| PB 0x000000070d000000| Untracked 
|  65|0x000000070d200000, 0x000000070d200000, 0x000000070d400000|  0%| F|  |TAMS 0x000000070d200000| PB 0x000000070d200000| Untracked 
|  66|0x000000070d400000, 0x000000070d400000, 0x000000070d600000|  0%| F|  |TAMS 0x000000070d400000| PB 0x000000070d400000| Untracked 
|  67|0x000000070d600000, 0x000000070d600000, 0x000000070d800000|  0%| F|  |TAMS 0x000000070d600000| PB 0x000000070d600000| Untracked 
|  68|0x000000070d800000, 0x000000070d800000, 0x000000070da00000|  0%| F|  |TAMS 0x000000070d800000| PB 0x000000070d800000| Untracked 
|  69|0x000000070da00000, 0x000000070da00000, 0x000000070dc00000|  0%| F|  |TAMS 0x000000070da00000| PB 0x000000070da00000| Untracked 
|  70|0x000000070dc00000, 0x000000070dc00000, 0x000000070de00000|  0%| F|  |TAMS 0x000000070dc00000| PB 0x000000070dc00000| Untracked 
|  71|0x000000070de00000, 0x000000070de00000, 0x000000070e000000|  0%| F|  |TAMS 0x000000070de00000| PB 0x000000070de00000| Untracked 
|  72|0x000000070e000000, 0x000000070e000000, 0x000000070e200000|  0%| F|  |TAMS 0x000000070e000000| PB 0x000000070e000000| Untracked 
|  73|0x000000070e200000, 0x000000070e200000, 0x000000070e400000|  0%| F|  |TAMS 0x000000070e200000| PB 0x000000070e200000| Untracked 
|  74|0x000000070e400000, 0x000000070e400000, 0x000000070e600000|  0%| F|  |TAMS 0x000000070e400000| PB 0x000000070e400000| Untracked 
|  75|0x000000070e600000, 0x000000070e600000, 0x000000070e800000|  0%| F|  |TAMS 0x000000070e600000| PB 0x000000070e600000| Untracked 
|  76|0x000000070e800000, 0x000000070e800000, 0x000000070ea00000|  0%| F|  |TAMS 0x000000070e800000| PB 0x000000070e800000| Untracked 
|  77|0x000000070ea00000, 0x000000070ea00000, 0x000000070ec00000|  0%| F|  |TAMS 0x000000070ea00000| PB 0x000000070ea00000| Untracked 
|  78|0x000000070ec00000, 0x000000070ec00000, 0x000000070ee00000|  0%| F|  |TAMS 0x000000070ec00000| PB 0x000000070ec00000| Untracked 
|  79|0x000000070ee00000, 0x000000070ee00000, 0x000000070f000000|  0%| F|  |TAMS 0x000000070ee00000| PB 0x000000070ee00000| Untracked 
|  80|0x000000070f000000, 0x000000070f000000, 0x000000070f200000|  0%| F|  |TAMS 0x000000070f000000| PB 0x000000070f000000| Untracked 
|  81|0x000000070f200000, 0x000000070f200000, 0x000000070f400000|  0%| F|  |TAMS 0x000000070f200000| PB 0x000000070f200000| Untracked 
|  82|0x000000070f400000, 0x000000070f400000, 0x000000070f600000|  0%| F|  |TAMS 0x000000070f400000| PB 0x000000070f400000| Untracked 
|  83|0x000000070f600000, 0x000000070f600000, 0x000000070f800000|  0%| F|  |TAMS 0x000000070f600000| PB 0x000000070f600000| Untracked 
|  84|0x000000070f800000, 0x000000070f800000, 0x000000070fa00000|  0%| F|  |TAMS 0x000000070f800000| PB 0x000000070f800000| Untracked 
|  85|0x000000070fa00000, 0x000000070fa00000, 0x000000070fc00000|  0%| F|  |TAMS 0x000000070fa00000| PB 0x000000070fa00000| Untracked 
|  86|0x000000070fc00000, 0x000000070fc00000, 0x000000070fe00000|  0%| F|  |TAMS 0x000000070fc00000| PB 0x000000070fc00000| Untracked 
|  87|0x000000070fe00000, 0x000000070fe00000, 0x0000000710000000|  0%| F|  |TAMS 0x000000070fe00000| PB 0x000000070fe00000| Untracked 
|  88|0x0000000710000000, 0x0000000710000000, 0x0000000710200000|  0%| F|  |TAMS 0x0000000710000000| PB 0x0000000710000000| Untracked 
|  89|0x0000000710200000, 0x0000000710200000, 0x0000000710400000|  0%| F|  |TAMS 0x0000000710200000| PB 0x0000000710200000| Untracked 
|  90|0x0000000710400000, 0x0000000710400000, 0x0000000710600000|  0%| F|  |TAMS 0x0000000710400000| PB 0x0000000710400000| Untracked 
|  91|0x0000000710600000, 0x0000000710600000, 0x0000000710800000|  0%| F|  |TAMS 0x0000000710600000| PB 0x0000000710600000| Untracked 
|  92|0x0000000710800000, 0x0000000710800000, 0x0000000710a00000|  0%| F|  |TAMS 0x0000000710800000| PB 0x0000000710800000| Untracked 
|  93|0x0000000710a00000, 0x0000000710a00000, 0x0000000710c00000|  0%| F|  |TAMS 0x0000000710a00000| PB 0x0000000710a00000| Untracked 
|  94|0x0000000710c00000, 0x0000000710c00000, 0x0000000710e00000|  0%| F|  |TAMS 0x0000000710c00000| PB 0x0000000710c00000| Untracked 
|  95|0x0000000710e00000, 0x0000000710e00000, 0x0000000711000000|  0%| F|  |TAMS 0x0000000710e00000| PB 0x0000000710e00000| Untracked 
|  96|0x0000000711000000, 0x0000000711000000, 0x0000000711200000|  0%| F|  |TAMS 0x0000000711000000| PB 0x0000000711000000| Untracked 
|  97|0x0000000711200000, 0x0000000711200000, 0x0000000711400000|  0%| F|  |TAMS 0x0000000711200000| PB 0x0000000711200000| Untracked 
|  98|0x0000000711400000, 0x0000000711400000, 0x0000000711600000|  0%| F|  |TAMS 0x0000000711400000| PB 0x0000000711400000| Untracked 
|  99|0x0000000711600000, 0x0000000711600000, 0x0000000711800000|  0%| F|  |TAMS 0x0000000711600000| PB 0x0000000711600000| Untracked 
| 100|0x0000000711800000, 0x0000000711800000, 0x0000000711a00000|  0%| F|  |TAMS 0x0000000711800000| PB 0x0000000711800000| Untracked 
| 101|0x0000000711a00000, 0x0000000711a00000, 0x0000000711c00000|  0%| F|  |TAMS 0x0000000711a00000| PB 0x0000000711a00000| Untracked 
| 102|0x0000000711c00000, 0x0000000711c00000, 0x0000000711e00000|  0%| F|  |TAMS 0x0000000711c00000| PB 0x0000000711c00000| Untracked 
| 103|0x0000000711e00000, 0x0000000711e00000, 0x0000000712000000|  0%| F|  |TAMS 0x0000000711e00000| PB 0x0000000711e00000| Untracked 
| 104|0x0000000712000000, 0x0000000712000000, 0x0000000712200000|  0%| F|  |TAMS 0x0000000712000000| PB 0x0000000712000000| Untracked 
| 105|0x0000000712200000, 0x0000000712200000, 0x0000000712400000|  0%| F|  |TAMS 0x0000000712200000| PB 0x0000000712200000| Untracked 
| 106|0x0000000712400000, 0x0000000712400000, 0x0000000712600000|  0%| F|  |TAMS 0x0000000712400000| PB 0x0000000712400000| Untracked 
| 107|0x0000000712600000, 0x0000000712700800, 0x0000000712800000| 50%| E|  |TAMS 0x0000000712600000| PB 0x0000000712600000| Complete 
| 108|0x0000000712800000, 0x0000000712a00000, 0x0000000712a00000|100%| E|CS|TAMS 0x0000000712800000| PB 0x0000000712800000| Complete 
| 109|0x0000000712a00000, 0x0000000712c00000, 0x0000000712c00000|100%| E|  |TAMS 0x0000000712a00000| PB 0x0000000712a00000| Complete 
| 110|0x0000000712c00000, 0x0000000712e00000, 0x0000000712e00000|100%| E|CS|TAMS 0x0000000712c00000| PB 0x0000000712c00000| Complete 
| 111|0x0000000712e00000, 0x0000000713000000, 0x0000000713000000|100%| E|CS|TAMS 0x0000000712e00000| PB 0x0000000712e00000| Complete 
| 112|0x0000000713000000, 0x0000000713200000, 0x0000000713200000|100%| E|CS|TAMS 0x0000000713000000| PB 0x0000000713000000| Complete 
| 113|0x0000000713200000, 0x0000000713400000, 0x0000000713400000|100%| E|CS|TAMS 0x0000000713200000| PB 0x0000000713200000| Complete 
| 114|0x0000000713400000, 0x0000000713600000, 0x0000000713600000|100%| E|CS|TAMS 0x0000000713400000| PB 0x0000000713400000| Complete 
| 115|0x0000000713600000, 0x0000000713800000, 0x0000000713800000|100%| E|CS|TAMS 0x0000000713600000| PB 0x0000000713600000| Complete 
| 116|0x0000000713800000, 0x0000000713a00000, 0x0000000713a00000|100%| E|CS|TAMS 0x0000000713800000| PB 0x0000000713800000| Complete 
| 117|0x0000000713a00000, 0x0000000713c00000, 0x0000000713c00000|100%| E|CS|TAMS 0x0000000713a00000| PB 0x0000000713a00000| Complete 
| 118|0x0000000713c00000, 0x0000000713e00000, 0x0000000713e00000|100%| E|CS|TAMS 0x0000000713c00000| PB 0x0000000713c00000| Complete 
| 119|0x0000000713e00000, 0x0000000714000000, 0x0000000714000000|100%| E|CS|TAMS 0x0000000713e00000| PB 0x0000000713e00000| Complete 
| 120|0x0000000714000000, 0x0000000714093ec8, 0x0000000714200000| 28%| S|CS|TAMS 0x0000000714000000| PB 0x0000000714000000| Complete 
| 121|0x0000000714200000, 0x0000000714400000, 0x0000000714400000|100%| S|CS|TAMS 0x0000000714200000| PB 0x0000000714200000| Complete 
| 122|0x0000000714400000, 0x0000000714600000, 0x0000000714600000|100%| S|CS|TAMS 0x0000000714400000| PB 0x0000000714400000| Complete 
| 123|0x0000000714600000, 0x0000000714800000, 0x0000000714800000|100%| E|CS|TAMS 0x0000000714600000| PB 0x0000000714600000| Complete 
| 124|0x0000000714800000, 0x0000000714a00000, 0x0000000714a00000|100%| E|CS|TAMS 0x0000000714800000| PB 0x0000000714800000| Complete 
| 125|0x0000000714a00000, 0x0000000714c00000, 0x0000000714c00000|100%| E|CS|TAMS 0x0000000714a00000| PB 0x0000000714a00000| Complete 

Card table byte_map: [0x000001d7fba20000,0x000001d7fc200000] _byte_map_base: 0x000001d7f81f8000

Marking Bits: (CMBitMap*) 0x000001d7e3962900
 Bits: [0x000001d780000000, 0x000001d783ec0000)

Polling page: 0x000001d7e1850000

Metaspace:

Usage:
  Non-class:     12.80 MB used.
      Class:      1.53 MB used.
       Both:     14.33 MB used.

Virtual space:
  Non-class space:       64.00 MB reserved,      12.94 MB ( 20%) committed,  1 nodes.
      Class space:        1.00 GB reserved,       1.69 MB ( <1%) committed,  1 nodes.
             Both:        1.06 GB reserved,      14.62 MB (  1%) committed. 

Chunk freelists:
   Non-Class:  2.87 MB
       Class:  2.23 MB
        Both:  5.10 MB

MaxMetaspaceSize: unlimited
CompressedClassSpaceSize: 1.00 GB
Initial GC threshold: 21.00 MB
Current GC threshold: 21.00 MB
CDS: on
MetaspaceReclaimPolicy: balanced
 - commit_granule_bytes: 65536.
 - commit_granule_words: 8192.
 - virtual_space_node_default_size: 8388608.
 - enlarge_chunks_in_place: 1.
 - new_chunks_are_fully_committed: 0.
 - uncommit_free_chunks: 1.
 - use_allocation_guard: 0.


Internal statistics:

num_allocs_failed_limit: 0.
num_arena_births: 208.
num_arena_deaths: 0.
num_vsnodes_births: 2.
num_vsnodes_deaths: 0.
num_space_committed: 234.
num_space_uncommitted: 0.
num_chunks_returned_to_freelist: 0.
num_chunks_taken_from_freelist: 327.
num_chunk_merges: 0.
num_chunk_splits: 188.
num_chunks_enlarged: 85.
num_inconsistent_stats: 0.

CodeHeap 'non-profiled nmethods': size=119168Kb used=1071Kb max_used=1071Kb free=118096Kb
 bounds [0x000001d7f3560000, 0x000001d7f37d0000, 0x000001d7fa9c0000]
CodeHeap 'profiled nmethods': size=119104Kb used=6767Kb max_used=6767Kb free=112336Kb
 bounds [0x000001d7eb9c0000, 0x000001d7ec060000, 0x000001d7f2e10000]
CodeHeap 'non-nmethods': size=7488Kb used=1708Kb max_used=3390Kb free=5779Kb
 bounds [0x000001d7f2e10000, 0x000001d7f3170000, 0x000001d7f3560000]
 total_blobs=4111 nmethods=3411 adapters=608
 compilation: enabled
              stopped_count=0, restarted_count=0
 full_count=0

Compilation events (20 events):
Event: 80.538 Thread 0x000001d7ff988920 nmethod 3402 0x000001d7ec055290 code [0x000001d7ec055460, 0x000001d7ec055930]
Event: 80.538 Thread 0x000001d7ff988920 3403   !   3       javax.swing.JComponent::isComponentObtainingGraphicsFrom (26 bytes)
Event: 80.538 Thread 0x000001d7ff988920 nmethod 3403 0x000001d7ec055a90 code [0x000001d7ec055c20, 0x000001d7ec055e18]
Event: 80.538 Thread 0x000001d7ff988920 3405       3       sun.java2d.windows.GDIWindowSurfaceData::validatePipe (265 bytes)
Event: 80.538 Thread 0x000001d7ff988920 nmethod 3405 0x000001d7ec055f10 code [0x000001d7ec056160, 0x000001d7ec056eb0]
Event: 80.538 Thread 0x000001d7ff988920 3404       1       javax.swing.AbstractButton::isFocusPainted (5 bytes)
Event: 80.538 Thread 0x000001d7ff988920 nmethod 3404 0x000001d7f366b990 code [0x000001d7f366bb00, 0x000001d7f366bbd0]
Event: 80.569 Thread 0x000001d7ff988920 3406       3       javax.swing.SwingUtilities::getPaintingOrigin (33 bytes)
Event: 80.570 Thread 0x000001d7ff988920 nmethod 3406 0x000001d7ec057010 code [0x000001d7ec0571e0, 0x000001d7ec0577a8]
Event: 80.570 Thread 0x000001d7ff988920 3407       3       sun.swing.ImageCache::getEntry (148 bytes)
Event: 80.571 Thread 0x000001d7ff988920 nmethod 3407 0x000001d7ec057910 code [0x000001d7ec057c40, 0x000001d7ec059058]
Event: 80.571 Thread 0x000001d7ff988920 3408       3       java.util.LinkedList::addFirst (6 bytes)
Event: 80.571 Thread 0x000001d7ff988920 nmethod 3408 0x000001d7ec059810 code [0x000001d7ec0599a0, 0x000001d7ec059ad8]
Event: 80.571 Thread 0x000001d7ff988920 3409       3       java.util.LinkedList::linkFirst (59 bytes)
Event: 80.571 Thread 0x000001d7ff988920 nmethod 3409 0x000001d7ec059b90 code [0x000001d7ec059d40, 0x000001d7ec05a1d0]
Event: 80.716 Thread 0x000001d7ff988920 3410       3       java.util.LinkedList::unlink (91 bytes)
Event: 80.716 Thread 0x000001d7ff988920 nmethod 3410 0x000001d7ec05a310 code [0x000001d7ec05a4c0, 0x000001d7ec05a8e0]
Event: 80.735 Thread 0x000001d7ff988920 3411   !   3       sun.swing.CachedPainter::getCache (70 bytes)
Event: 80.735 Thread 0x000001d7ff9823d0 3412   !   4       sun.java2d.SunGraphics2D::fillRect (74 bytes)
Event: 80.736 Thread 0x000001d7ff988920 nmethod 3411 0x000001d7ec05aa10 code [0x000001d7ec05ac60, 0x000001d7ec05b9d8]

GC Heap History (8 events):
Event: 1.558 GC heap before
{Heap before GC invocations=0 (full 0):
 garbage-first heap   total 258048K, used 20480K [0x0000000705000000, 0x0000000800000000)
  region size 2048K, 11 young (22528K), 0 survivors (0K)
 Metaspace       used 11043K, committed 11328K, reserved 1114112K
  class space    used 1277K, committed 1408K, reserved 1048576K
}
Event: 1.566 GC heap after
{Heap after GC invocations=1 (full 0):
 garbage-first heap   total 258048K, used 4811K [0x0000000705000000, 0x0000000800000000)
  region size 2048K, 2 young (4096K), 2 survivors (4096K)
 Metaspace       used 11043K, committed 11328K, reserved 1114112K
  class space    used 1277K, committed 1408K, reserved 1048576K
}
Event: 6.413 GC heap before
{Heap before GC invocations=1 (full 0):
 garbage-first heap   total 258048K, used 88779K [0x0000000705000000, 0x0000000800000000)
  region size 2048K, 16 young (32768K), 2 survivors (4096K)
 Metaspace       used 13578K, committed 13824K, reserved 1114112K
  class space    used 1517K, committed 1664K, reserved 1048576K
}
Event: 6.420 GC heap after
{Heap after GC invocations=2 (full 0):
 garbage-first heap   total 258048K, used 37855K [0x0000000705000000, 0x0000000800000000)
  region size 2048K, 2 young (4096K), 2 survivors (4096K)
 Metaspace       used 13578K, committed 13824K, reserved 1114112K
  class space    used 1517K, committed 1664K, reserved 1048576K
}
Event: 6.924 GC heap before
{Heap before GC invocations=2 (full 0):
 garbage-first heap   total 258048K, used 140255K [0x0000000705000000, 0x0000000800000000)
  region size 2048K, 14 young (28672K), 2 survivors (4096K)
 Metaspace       used 13766K, committed 14016K, reserved 1114112K
  class space    used 1518K, committed 1664K, reserved 1048576K
}
Event: 6.927 GC heap after
{Heap after GC invocations=3 (full 0):
 garbage-first heap   total 258048K, used 105244K [0x0000000705000000, 0x0000000800000000)
  region size 2048K, 3 young (6144K), 3 survivors (6144K)
 Metaspace       used 13766K, committed 14016K, reserved 1114112K
  class space    used 1518K, committed 1664K, reserved 1048576K
}
Event: 10.586 GC heap before
{Heap before GC invocations=3 (full 0):
 garbage-first heap   total 258048K, used 125724K [0x0000000705000000, 0x0000000800000000)
  region size 2048K, 6 young (12288K), 3 survivors (6144K)
 Metaspace       used 13891K, committed 14208K, reserved 1114112K
  class space    used 1519K, committed 1664K, reserved 1048576K
}
Event: 10.589 GC heap after
{Heap after GC invocations=4 (full 0):
 garbage-first heap   total 258048K, used 42542K [0x0000000705000000, 0x0000000800000000)
  region size 2048K, 3 young (6144K), 3 survivors (6144K)
 Metaspace       used 13891K, committed 14208K, reserved 1114112K
  class space    used 1519K, committed 1664K, reserved 1048576K
}

Dll operation events (11 events):
Event: 0.008 Loaded shared library C:\Program Files\Java\jdk-20\bin\java.dll
Event: 0.028 Loaded shared library C:\Program Files\Java\jdk-20\bin\jsvml.dll
Event: 0.063 Loaded shared library C:\Program Files\Java\jdk-20\bin\net.dll
Event: 0.065 Loaded shared library C:\Program Files\Java\jdk-20\bin\nio.dll
Event: 0.098 Loaded shared library C:\Program Files\Java\jdk-20\bin\zip.dll
Event: 0.253 Loaded shared library C:\Program Files\Java\jdk-20\bin\jimage.dll
Event: 0.284 Loaded shared library C:\Program Files\Java\jdk-20\bin\awt.dll
Event: 0.598 Loaded shared library C:\Program Files\Java\jdk-20\bin\freetype.dll
Event: 0.599 Loaded shared library C:\Program Files\Java\jdk-20\bin\fontmanager.dll
Event: 0.847 Loaded shared library C:\Program Files\Java\jdk-20\bin\verify.dll
Event: 6.285 Loaded shared library C:\Program Files\Java\jdk-20\bin\javajpeg.dll

Deoptimization events (20 events):
Event: 19.976 Thread 0x000001d7c9633c90 Uncommon trap: trap_request=0xffffff45 fr.pc=0x000001d7f35b3314 relative=0x0000000000000274
Event: 19.976 Thread 0x000001d7c9633c90 Uncommon trap: reason=unstable_if action=reinterpret pc=0x000001d7f35b3314 method=java.util.regex.Pattern$BmpCharPropertyGreedy.match(Ljava/util/regex/Matcher;ILjava/lang/CharSequence;)Z @ 12 c2
Event: 19.976 Thread 0x000001d7c9633c90 DEOPT PACKING pc=0x000001d7f35b3314 sp=0x0000006f27dfbc70
Event: 19.976 Thread 0x000001d7c9633c90 DEOPT UNPACKING pc=0x000001d7f2e79d22 sp=0x0000006f27dfbc08 mode 2
Event: 19.979 Thread 0x000001d7c9633c90 Uncommon trap: trap_request=0xffffff45 fr.pc=0x000001d7f35de234 relative=0x00000000000000b4
Event: 19.979 Thread 0x000001d7c9633c90 Uncommon trap: reason=unstable_if action=reinterpret pc=0x000001d7f35de234 method=java.nio.Buffer.limit(I)Ljava/nio/Buffer; @ 42 c2
Event: 19.979 Thread 0x000001d7c9633c90 DEOPT PACKING pc=0x000001d7f35de234 sp=0x0000006f27dfba00
Event: 19.979 Thread 0x000001d7c9633c90 DEOPT UNPACKING pc=0x000001d7f2e79d22 sp=0x0000006f27dfb988 mode 2
Event: 22.755 Thread 0x000001d7c9633c90 Uncommon trap: trap_request=0xffffffde fr.pc=0x000001d7f35a7e2c relative=0x00000000000001ac
Event: 22.755 Thread 0x000001d7c9633c90 Uncommon trap: reason=class_check action=maybe_recompile pc=0x000001d7f35a7e2c method=java.util.HashMap.putVal(ILjava/lang/Object;Ljava/lang/Object;ZZ)Ljava/lang/Object; @ 253 c2
Event: 22.755 Thread 0x000001d7c9633c90 DEOPT PACKING pc=0x000001d7f35a7e2c sp=0x0000006f27dfd4a0
Event: 22.755 Thread 0x000001d7c9633c90 DEOPT UNPACKING pc=0x000001d7f2e79d22 sp=0x0000006f27dfd430 mode 2
Event: 22.756 Thread 0x000001d7c9633c90 Uncommon trap: trap_request=0xffffff45 fr.pc=0x000001d7f3648e7c relative=0x000000000000007c
Event: 22.756 Thread 0x000001d7c9633c90 Uncommon trap: reason=unstable_if action=reinterpret pc=0x000001d7f3648e7c method=java.awt.Component.getInputContext()Ljava/awt/im/InputContext; @ 6 c2
Event: 22.756 Thread 0x000001d7c9633c90 DEOPT PACKING pc=0x000001d7f3648e7c sp=0x0000006f27dfdda0
Event: 22.756 Thread 0x000001d7c9633c90 DEOPT UNPACKING pc=0x000001d7f2e79d22 sp=0x0000006f27dfdd30 mode 2
Event: 72.579 Thread 0x000001d7c9801a40 DEOPT PACKING pc=0x000001d7ebdaf9ab sp=0x0000006f287fee40
Event: 72.579 Thread 0x000001d7c9801a40 DEOPT UNPACKING pc=0x000001d7f2e7a4c2 sp=0x0000006f287fe360 mode 0
Event: 72.580 Thread 0x000001d7c9801a40 DEOPT PACKING pc=0x000001d7ebdc2022 sp=0x0000006f287feba0
Event: 72.580 Thread 0x000001d7c9801a40 DEOPT UNPACKING pc=0x000001d7f2e7a4c2 sp=0x0000006f287fe0d0 mode 0

Classes loaded (20 events):
Event: 22.795 Loading class sun/java2d/marlin/DMarlinRenderingEngine$NormMode$2
Event: 22.795 Loading class sun/java2d/marlin/DMarlinRenderingEngine$NormMode$2 done
Event: 22.795 Loading class sun/java2d/marlin/DMarlinRenderingEngine$NormMode$3
Event: 22.795 Loading class sun/java2d/marlin/DMarlinRenderingEngine$NormMode$3 done
Event: 22.795 Loading class java/awt/geom/RoundRectIterator
Event: 22.795 Loading class java/awt/geom/RoundRectIterator done
Event: 22.795 Loading class sun/java2d/marlin/Helpers
Event: 22.795 Loading class sun/java2d/marlin/Helpers done
Event: 22.797 Loading class sun/java2d/marlin/ArrayCacheConst
Event: 22.797 Loading class sun/java2d/marlin/ArrayCacheConst done
Event: 72.588 Loading class java/lang/Throwable$WrappedPrintStream
Event: 72.589 Loading class java/lang/Throwable$PrintStreamOrWriter
Event: 72.589 Loading class java/lang/Throwable$PrintStreamOrWriter done
Event: 72.589 Loading class java/lang/Throwable$WrappedPrintStream done
Event: 72.590 Loading class java/lang/StackTraceElement$HashedModules
Event: 72.590 Loading class java/lang/StackTraceElement$HashedModules done
Event: 79.002 Loading class sun/awt/windows/WInputMethod$1
Event: 79.002 Loading class sun/awt/windows/WInputMethod$1 done
Event: 79.004 Loading class java/awt/font/TextHitInfo
Event: 79.005 Loading class java/awt/font/TextHitInfo done

Classes unloaded (0 events):
No events

Classes redefined (0 events):
No events

Internal exceptions (20 events):
Event: 0.898 Thread 0x000001d7c9633c90 Exception <a 'java/lang/ClassNotFoundException'{0x0000000713b8dc00}: java/lang/ObjectCustomizer> (0x0000000713b8dc00) 
thrown [s\open\src\hotspot\share\classfile\systemDictionary.cpp, line 305]
Event: 0.899 Thread 0x000001d7c9633c90 Exception <a 'java/lang/ClassNotFoundException'{0x0000000713b92748}: net/miginfocom/layout/BoundSizeCustomizer> (0x0000000713b92748) 
thrown [s\open\src\hotspot\share\classfile\systemDictionary.cpp, line 305]
Event: 1.051 Thread 0x000001d7c9633c90 Exception <a 'sun/nio/fs/WindowsException'{0x0000000713877b10}> (0x0000000713877b10) 
thrown [s\open\src\hotspot\share\prims\jni.cpp, line 519]
Event: 1.065 Thread 0x000001d7c9633c90 Exception <a 'java/lang/ClassNotFoundException'{0x0000000713881350}: jdk/net/ExtendedSocketOptions> (0x0000000713881350) 
thrown [s\open\src\hotspot\share\classfile\systemDictionary.cpp, line 305]
Event: 1.065 Thread 0x000001d7c9633c90 Exception <a 'java/lang/NoSuchMethodError'{0x0000000713882b70}: 'void java.lang.invoke.DirectMethodHandle$Holder.invokeStatic(java.lang.Object, java.lang.Object)'> (0x0000000713882b70) 
thrown [s\open\src\hotspot\share\interpreter\linkResolver.cpp, line 773]
Event: 1.175 Thread 0x000001d7c9633c90 Exception <a 'sun/nio/fs/WindowsException'{0x00000007138c8f70}> (0x00000007138c8f70) 
thrown [s\open\src\hotspot\share\prims\jni.cpp, line 519]
Event: 1.236 Thread 0x000001d7c9633c90 Exception <a 'java/lang/NoSuchMethodError'{0x00000007139713a8}: 'int java.lang.invoke.DirectMethodHandle$Holder.invokeVirtual(java.lang.Object, java.lang.Object)'> (0x00000007139713a8) 
thrown [s\open\src\hotspot\share\interpreter\linkResolver.cpp, line 773]
Event: 1.237 Thread 0x000001d7c9633c90 Exception <a 'java/lang/NoSuchMethodError'{0x0000000713975750}: 'int java.lang.invoke.DirectMethodHandle$Holder.invokeSpecial(java.lang.Object, java.lang.Object, java.lang.Object)'> (0x0000000713975750) 
thrown [s\open\src\hotspot\share\interpreter\linkResolver.cpp, line 773]
Event: 1.242 Thread 0x000001d7c9633c90 Exception <a 'java/lang/NoSuchMethodError'{0x0000000713989710}: 'int java.lang.invoke.DirectMethodHandle$Holder.invokeSpecial(java.lang.Object, java.lang.Object, java.lang.Object, int)'> (0x0000000713989710) 
thrown [s\open\src\hotspot\share\interpreter\linkResolver.cpp, line 773]
Event: 1.246 Thread 0x000001d7c9633c90 Exception <a 'java/lang/NoSuchMethodError'{0x000000071399bbd8}: 'java.lang.Object java.lang.invoke.DirectMethodHandle$Holder.invokeStatic(java.lang.Object, java.lang.Object, java.lang.Object, java.lang.Object, int)'> (0x000000071399bbd8) 
thrown [s\open\src\hotspot\share\interpreter\linkResolver.cpp, line 773]
Event: 1.250 Thread 0x000001d7c9633c90 Exception <a 'java/lang/NoSuchMethodError'{0x00000007139a6ad8}: 'int java.lang.invoke.DelegatingMethodHandle$Holder.reinvoke_L(java.lang.Object, java.lang.Object, int, int)'> (0x00000007139a6ad8) 
thrown [s\open\src\hotspot\share\interpreter\linkResolver.cpp, line 773]
Event: 1.252 Thread 0x000001d7c9633c90 Exception <a 'java/lang/NoSuchMethodError'{0x00000007139b4b08}: 'java.lang.Object java.lang.invoke.Invokers$Holder.invokeExact_MT(java.lang.Object, java.lang.Object, java.lang.Object, java.lang.Object, java.lang.Object)'> (0x00000007139b4b08) 
thrown [s\open\src\hotspot\share\interpreter\linkResolver.cpp, line 773]
Event: 6.159 Thread 0x000001d7c9801a40 Exception <a 'sun/nio/fs/WindowsException'{0x0000000713dffbb0}> (0x0000000713dffbb0) 
thrown [s\open\src\hotspot\share\prims\jni.cpp, line 519]
Event: 6.160 Thread 0x000001d7c9801a40 Exception <a 'sun/nio/fs/WindowsException'{0x0000000713b127e0}> (0x0000000713b127e0) 
thrown [s\open\src\hotspot\share\prims\jni.cpp, line 519]
Event: 6.160 Thread 0x000001d7c9801a40 Exception <a 'sun/nio/fs/WindowsException'{0x0000000713b13940}> (0x0000000713b13940) 
thrown [s\open\src\hotspot\share\prims\jni.cpp, line 519]
Event: 6.161 Thread 0x000001d7c9801a40 Exception <a 'sun/nio/fs/WindowsException'{0x0000000713b14900}> (0x0000000713b14900) 
thrown [s\open\src\hotspot\share\prims\jni.cpp, line 519]
Event: 6.162 Thread 0x000001d7c9801a40 Exception <a 'sun/nio/fs/WindowsException'{0x0000000713b158b8}> (0x0000000713b158b8) 
thrown [s\open\src\hotspot\share\prims\jni.cpp, line 519]
Event: 6.173 Thread 0x000001d7c9801a40 Exception <a 'java/lang/NoSuchMethodError'{0x0000000713b25978}: 'java.lang.Object java.lang.invoke.DirectMethodHandle$Holder.invokeStaticInit(java.lang.Object, int, int, int, int)'> (0x0000000713b25978) 
thrown [s\open\src\hotspot\share\interpreter\linkResolver.cpp, line 773]
Event: 6.243 Thread 0x000001d7c9801a40 Exception <a 'java/lang/NoSuchMethodError'{0x0000000713be80f0}: 'java.lang.Object java.lang.invoke.DirectMethodHandle$Holder.invokeStaticInit(java.lang.Object, java.lang.Object, int, int, int, int)'> (0x0000000713be80f0) 
thrown [s\open\src\hotspot\share\interpreter\linkResolver.cpp, line 773]
Event: 72.588 Thread 0x000001d7c9801a40 Exception <a 'java/lang/NullPointerException'{0x0000000712efbe08}> (0x0000000712efbe08) 
thrown [s\open\src\hotspot\share\interpreter\linkResolver.cpp, line 1373]

VM Operations (20 events):
Event: 22.595 Executing VM operation: Cleanup
Event: 22.595 Executing VM operation: Cleanup done
Event: 22.753 Executing VM operation: HandshakeAllThreads
Event: 22.753 Executing VM operation: HandshakeAllThreads done
Event: 22.771 Executing VM operation: HandshakeAllThreads
Event: 22.772 Executing VM operation: HandshakeAllThreads done
Event: 23.771 Executing VM operation: Cleanup
Event: 23.771 Executing VM operation: Cleanup done
Event: 24.772 Executing VM operation: Cleanup
Event: 24.772 Executing VM operation: Cleanup done
Event: 34.776 Executing VM operation: Cleanup
Event: 34.777 Executing VM operation: Cleanup done
Event: 60.173 Executing VM operation: HandshakeAllThreads
Event: 60.173 Executing VM operation: HandshakeAllThreads done
Event: 73.179 Executing VM operation: Cleanup
Event: 73.179 Executing VM operation: Cleanup done
Event: 79.182 Executing VM operation: Cleanup
Event: 79.182 Executing VM operation: Cleanup done
Event: 80.182 Executing VM operation: Cleanup
Event: 80.183 Executing VM operation: Cleanup done

Events (20 events):
Event: 12.876 Thread 0x000001d7c9b021b0 Thread added: 0x000001d7c9b021b0
Event: 12.876 Thread 0x000001d7c9b021b0 Thread exited: 0x000001d7c9b021b0
Event: 13.427 Thread 0x000001d7c9b021b0 Thread added: 0x000001d7c9b021b0
Event: 13.427 Thread 0x000001d7c9b021b0 Thread exited: 0x000001d7c9b021b0
Event: 13.813 Thread 0x000001d7c9b02700 Thread added: 0x000001d7c9b02700
Event: 13.814 Thread 0x000001d7c9b02700 Thread exited: 0x000001d7c9b02700
Event: 14.322 Thread 0x000001d7c9b021b0 Thread added: 0x000001d7c9b021b0
Event: 14.323 Thread 0x000001d7c9b021b0 Thread exited: 0x000001d7c9b021b0
Event: 14.726 Thread 0x000001d7c9b021b0 Thread added: 0x000001d7c9b021b0
Event: 14.728 Thread 0x000001d7c9b021b0 Thread exited: 0x000001d7c9b021b0
Event: 15.107 Thread 0x000001d7c9b021b0 Thread added: 0x000001d7c9b021b0
Event: 15.107 Thread 0x000001d7c9b021b0 Thread exited: 0x000001d7c9b021b0
Event: 16.500 Thread 0x000001d7c9b021b0 Thread added: 0x000001d7c9b021b0
Event: 16.501 Thread 0x000001d7c9b021b0 Thread exited: 0x000001d7c9b021b0
Event: 19.981 Thread 0x000001d7ff9872e0 Thread added: 0x000001d7ff9872e0
Event: 22.026 Thread 0x000001d7ff9872e0 Thread exited: 0x000001d7ff9872e0
Event: 22.749 Thread 0x000001d7c9b02700 Thread added: 0x000001d7c9b02700
Event: 22.750 Thread 0x000001d7c9b02700 Thread exited: 0x000001d7c9b02700
Event: 80.206 Thread 0x000001d7c9b02700 Thread added: 0x000001d7c9b02700
Event: 80.207 Thread 0x000001d7c9b02700 Thread exited: 0x000001d7c9b02700


Dynamic libraries:
0x00007ff61f570000 - 0x00007ff61f580000 	C:\Program Files\Java\jdk-20\bin\javaw.exe
0x00007ffd9b870000 - 0x00007ffd9ba87000 	C:\Windows\SYSTEM32\ntdll.dll
0x00007ffd9acd0000 - 0x00007ffd9ad94000 	C:\Windows\System32\KERNEL32.DLL
0x00007ffd98c50000 - 0x00007ffd98ff7000 	C:\Windows\System32\KERNELBASE.dll
0x00007ffd99070000 - 0x00007ffd99181000 	C:\Windows\System32\ucrtbase.dll
0x00007ffd7d330000 - 0x00007ffd7d349000 	C:\Program Files\Java\jdk-20\bin\jli.dll
0x00007ffd790d0000 - 0x00007ffd790eb000 	C:\Program Files\Java\jdk-20\bin\VCRUNTIME140.dll
0x00007ffd99aa0000 - 0x00007ffd99b52000 	C:\Windows\System32\ADVAPI32.dll
0x00007ffd9abf0000 - 0x00007ffd9ac97000 	C:\Windows\System32\msvcrt.dll
0x00007ffd9a250000 - 0x00007ffd9a2f8000 	C:\Windows\System32\sechost.dll
0x00007ffd99190000 - 0x00007ffd991b8000 	C:\Windows\System32\bcrypt.dll
0x00007ffd9b6f0000 - 0x00007ffd9b805000 	C:\Windows\System32\RPCRT4.dll
0x00007ffd99c10000 - 0x00007ffd99dbe000 	C:\Windows\System32\USER32.dll
0x00007ffd993b0000 - 0x00007ffd993d6000 	C:\Windows\System32\win32u.dll
0x00007ffd7f3a0000 - 0x00007ffd7f633000 	C:\Windows\WinSxS\amd64_microsoft.windows.common-controls_6595b64144ccf1df_6.0.22621.3527_none_270e469b73872a76\COMCTL32.dll
0x00007ffd995f0000 - 0x00007ffd99619000 	C:\Windows\System32\GDI32.dll
0x00007ffd99480000 - 0x00007ffd99599000 	C:\Windows\System32\gdi32full.dll
0x00007ffd993e0000 - 0x00007ffd9947a000 	C:\Windows\System32\msvcp_win.dll
0x00007ffd91080000 - 0x00007ffd9108a000 	C:\Windows\SYSTEM32\VERSION.dll
0x00007ffd99b60000 - 0x00007ffd99b91000 	C:\Windows\System32\IMM32.DLL
0x00007ffd90ed0000 - 0x00007ffd90edc000 	C:\Program Files\Java\jdk-20\bin\vcruntime140_1.dll
0x00007ffd68960000 - 0x00007ffd689ee000 	C:\Program Files\Java\jdk-20\bin\msvcp140.dll
0x00007ffcf8e90000 - 0x00007ffcf9b28000 	C:\Program Files\Java\jdk-20\bin\server\jvm.dll
0x00007ffd6dff0000 - 0x00007ffd6dff9000 	C:\Windows\SYSTEM32\WSOCK32.dll
0x00007ffd9b4a0000 - 0x00007ffd9b511000 	C:\Windows\System32\WS2_32.dll
0x00007ffd92d00000 - 0x00007ffd92d34000 	C:\Windows\SYSTEM32\WINMM.dll
0x00007ffd97b70000 - 0x00007ffd97b88000 	C:\Windows\SYSTEM32\kernel.appcore.dll
0x00007ffd8aa60000 - 0x00007ffd8aa6a000 	C:\Program Files\Java\jdk-20\bin\jimage.dll
0x00007ffd91960000 - 0x00007ffd91b92000 	C:\Windows\SYSTEM32\DBGHELP.DLL
0x00007ffd99ec0000 - 0x00007ffd9a248000 	C:\Windows\System32\combase.dll
0x00007ffd9afb0000 - 0x00007ffd9b087000 	C:\Windows\System32\OLEAUT32.dll
0x00007ffd918a0000 - 0x00007ffd918d2000 	C:\Windows\SYSTEM32\dbgcore.DLL
0x00007ffd99330000 - 0x00007ffd993a9000 	C:\Windows\System32\bcryptPrimitives.dll
0x00007ffd6d850000 - 0x00007ffd6d876000 	C:\Program Files\Java\jdk-20\bin\java.dll
0x00007ffd4c1e0000 - 0x00007ffd4c2b7000 	C:\Program Files\Java\jdk-20\bin\jsvml.dll
0x00007ffd9a390000 - 0x00007ffd9abec000 	C:\Windows\System32\SHELL32.dll
0x00007ffd96a80000 - 0x00007ffd97376000 	C:\Windows\SYSTEM32\windows.storage.dll
0x00007ffd96940000 - 0x00007ffd96a7e000 	C:\Windows\SYSTEM32\wintypes.dll
0x00007ffd9b110000 - 0x00007ffd9b205000 	C:\Windows\System32\SHCORE.dll
0x00007ffd9b0b0000 - 0x00007ffd9b10e000 	C:\Windows\System32\shlwapi.dll
0x00007ffd98ac0000 - 0x00007ffd98ae1000 	C:\Windows\SYSTEM32\profapi.dll
0x00007ffd6a940000 - 0x00007ffd6a953000 	C:\Program Files\Java\jdk-20\bin\net.dll
0x00007ffd94e10000 - 0x00007ffd94f46000 	C:\Windows\SYSTEM32\WINHTTP.dll
0x00007ffd98050000 - 0x00007ffd980b9000 	C:\Windows\system32\mswsock.dll
0x00007ffd6a310000 - 0x00007ffd6a326000 	C:\Program Files\Java\jdk-20\bin\nio.dll
0x00007ffd6a2f0000 - 0x00007ffd6a308000 	C:\Program Files\Java\jdk-20\bin\zip.dll
0x00007ffd4c3b0000 - 0x00007ffd4c541000 	C:\Program Files\Java\jdk-20\bin\awt.dll
0x00007ffd94d30000 - 0x00007ffd94dc7000 	C:\Windows\SYSTEM32\apphelp.dll
0x00007ffd96070000 - 0x00007ffd9611b000 	C:\Windows\system32\uxtheme.dll
0x00007ffd9ada0000 - 0x00007ffd9aef3000 	C:\Windows\System32\MSCTF.dll
0x00007ffd9b2f0000 - 0x00007ffd9b495000 	C:\Windows\System32\ole32.dll
0x00007ffd962e0000 - 0x00007ffd9630b000 	C:\Windows\system32\DWMAPI.DLL
0x00007ffd57370000 - 0x00007ffd57470000 	C:\Windows\system32\opengl32.dll
0x00007ffd56f70000 - 0x00007ffd56f9d000 	C:\Windows\SYSTEM32\GLU32.dll
0x00007ffd96180000 - 0x00007ffd961b9000 	C:\Windows\SYSTEM32\dxcore.dll
0x00007ffd4c320000 - 0x00007ffd4c3a6000 	C:\Program Files\Java\jdk-20\bin\freetype.dll
0x00007ffd4bf70000 - 0x00007ffd4c043000 	C:\Program Files\Java\jdk-20\bin\fontmanager.dll
0x00007ffd89990000 - 0x00007ffd899a0000 	C:\Program Files\Java\jdk-20\bin\verify.dll
0x00007ffd97610000 - 0x00007ffd97708000 	C:\Windows\SYSTEM32\DNSAPI.dll
0x00007ffd975e0000 - 0x00007ffd9760d000 	C:\Windows\SYSTEM32\IPHLPAPI.DLL
0x00007ffd9aca0000 - 0x00007ffd9aca9000 	C:\Windows\System32\NSI.dll
0x00007ffd92990000 - 0x00007ffd9299a000 	C:\Windows\System32\rasadhlp.dll
0x00007ffd92a40000 - 0x00007ffd92ac3000 	C:\Windows\System32\fwpuclnt.dll
0x00007ffd9af00000 - 0x00007ffd9afb0000 	C:\Windows\System32\clbcatq.dll
0x00007ffd95dc0000 - 0x00007ffd95f70000 	C:\Windows\SYSTEM32\WindowsCodecs.dll
0x00007ffd4f780000 - 0x00007ffd4f7de000 	C:\Windows\system32\dataexchange.dll
0x00007ffd76e50000 - 0x00007ffd770db000 	C:\Windows\system32\twinapi.appcore.dll
0x00007ffd6ed20000 - 0x00007ffd6ee6b000 	C:\Windows\SYSTEM32\textinputframework.dll
0x00007ffd94610000 - 0x00007ffd94743000 	C:\Windows\SYSTEM32\CoreMessaging.dll
0x00007ffd77990000 - 0x00007ffd77cfc000 	C:\Windows\SYSTEM32\CoreUIComponents.dll
0x00007ffd98280000 - 0x00007ffd9828c000 	C:\Windows\SYSTEM32\CRYPTBASE.DLL
0x00007ffd98290000 - 0x00007ffd982ab000 	C:\Windows\SYSTEM32\CRYPTSP.dll
0x00007ffd97ad0000 - 0x00007ffd97b05000 	C:\Windows\system32\rsaenh.dll
0x00007ffd98110000 - 0x00007ffd98138000 	C:\Windows\SYSTEM32\USERENV.dll
0x00007ffd94c50000 - 0x00007ffd94c69000 	C:\Windows\SYSTEM32\dhcpcsvc6.DLL
0x00007ffd94b80000 - 0x00007ffd94b9f000 	C:\Windows\SYSTEM32\dhcpcsvc.DLL
0x00007ffd8ad30000 - 0x00007ffd8ad5e000 	C:\Program Files\Java\jdk-20\bin\javajpeg.dll

dbghelp: loaded successfully - version: 4.0.5 - missing functions: none
symbol engine: initialized successfully - sym options: 0x614 - pdb path: .;C:\Program Files\Java\jdk-20\bin;C:\Windows\SYSTEM32;C:\Windows\WinSxS\amd64_microsoft.windows.common-controls_6595b64144ccf1df_6.0.22621.3527_none_270e469b73872a76;C:\Program Files\Java\jdk-20\bin\server

VM Arguments:
jvm_args: -Dfile.encoding=UTF-8 --module-path=D:\SHARE_CODE_JAVA\CHAT_APPLICATION\APPCHAT\bin;D:\SHARE_CODE_JAVA\CHAT_APPLICATION\APPCHAT\src\lib\engine.io-client-1.0.1.jar;D:\SHARE_CODE_JAVA\CHAT_APPLICATION\APPCHAT\src\lib\flatlaf-3.4.1.jar;D:\SHARE_CODE_JAVA\CHAT_APPLICATION\APPCHAT\src\lib\flatlaf-fonts-roboto-2.137.jar;D:\SHARE_CODE_JAVA\CHAT_APPLICATION\APPCHAT\src\lib\jcalendar-1.4.jar;D:\SHARE_CODE_JAVA\CHAT_APPLICATION\APPCHAT\src\lib\jgoodies-common-1.2.0.jar;D:\SHARE_CODE_JAVA\CHAT_APPLICATION\APPCHAT\src\lib\jgoodies-looks-2.4.1.jar;D:\SHARE_CODE_JAVA\CHAT_APPLICATION\APPCHAT\src\lib\JPlanner.jar;D:\SHARE_CODE_JAVA\CHAT_APPLICATION\APPCHAT\src\lib\json-20090211.jar;D:\SHARE_CODE_JAVA\CHAT_APPLICATION\APPCHAT\src\lib\junit-4.6.jar;D:\SHARE_CODE_JAVA\CHAT_APPLICATION\APPCHAT\src\lib\miglayout-4.0.jar;D:\SHARE_CODE_JAVA\CHAT_APPLICATION\APPCHAT\src\lib\mysql-connector-j-8.2.0.jar;D:\SHARE_CODE_JAVA\CHAT_APPLICATION\APPCHAT\src\lib\okhttp-3.12.12.jar;D:\SHARE_CODE_JAVA\CHAT_APPLICATION\APPCHAT\src\lib\okio-1.15.0.jar;D:\SHARE_CODE_JAVA\CHAT_APPLICATION\APPCHAT\src\lib\socket.io-client-1.0.1.jar -XX:+ShowCodeDetailsInExceptionMessages -Djdk.module.main=APPCHAT 
java_command: APPCHAT/view.Main
java_class_path (initial): <not set>
Launcher Type: SUN_STANDARD

[Global flags]
     intx CICompilerCount                          = 12                                        {product} {ergonomic}
     uint ConcGCThreads                            = 3                                         {product} {ergonomic}
     uint G1ConcRefinementThreads                  = 13                                        {product} {ergonomic}
   size_t G1HeapRegionSize                         = 2097152                                   {product} {ergonomic}
    uintx GCDrainStackTargetSize                   = 64                                        {product} {ergonomic}
   size_t InitialHeapSize                          = 264241152                                 {product} {ergonomic}
   size_t MarkStackSize                            = 4194304                                   {product} {ergonomic}
   size_t MaxHeapSize                              = 4211081216                                {product} {ergonomic}
   size_t MaxNewSize                               = 2524971008                                {product} {ergonomic}
   size_t MinHeapDeltaBytes                        = 2097152                                   {product} {ergonomic}
   size_t MinHeapSize                              = 8388608                                   {product} {ergonomic}
    uintx NonNMethodCodeHeapSize                   = 7602480                                {pd product} {ergonomic}
    uintx NonProfiledCodeHeapSize                  = 122027880                              {pd product} {ergonomic}
    uintx ProfiledCodeHeapSize                     = 122027880                              {pd product} {ergonomic}
    uintx ReservedCodeCacheSize                    = 251658240                              {pd product} {ergonomic}
     bool SegmentedCodeCache                       = true                                      {product} {ergonomic}
     bool ShowCodeDetailsInExceptionMessages       = true                                   {manageable} {command line}
   size_t SoftMaxHeapSize                          = 4211081216                             {manageable} {ergonomic}
     bool UseCompressedClassPointers               = true                           {product lp64_product} {ergonomic}
     bool UseCompressedOops                        = true                           {product lp64_product} {ergonomic}
     bool UseG1GC                                  = true                                      {product} {ergonomic}
     bool UseLargePagesIndividualAllocation        = false                                  {pd product} {ergonomic}

Logging:
Log output configuration:
 #0: stdout all=warning uptime,level,tags foldmultilines=false
 #1: stderr all=off uptime,level,tags foldmultilines=false

Environment Variables:
PATH=C:\Program Files\Common Files\Oracle\Java\javapath;C:\Windows\system32;C:\Windows;C:\Windows\System32\Wbem;C:\Windows\System32\WindowsPowerShell\v1.0\;C:\Windows\System32\OpenSSH\;C:\Program Files (x86)\Microsoft SQL Server\160\Tools\Binn\;C:\Program Files\Microsoft SQL Server\160\Tools\Binn\;C:\Program Files\Microsoft SQL Server\Client SDK\ODBC\170\Tools\Binn\;C:\Program Files\Microsoft SQL Server\160\DTS\Binn\;C:\Program Files (x86)\Microsoft SQL Server\160\DTS\Binn\;C:\Program Files\Azure Data Studio\bin;C:\mingw64;C:\mingw64\bin;C:\Program Files\Git\cmd;C:\Users\Lenovo\AppData\Local\Programs\Python\Python312\Scripts\;C:\Users\Lenovo\AppData\Local\Programs\Python\Python312\;C:\Users\Lenovo\AppData\Local\Microsoft\WindowsApps;;C:\Program Files\Azure Data Studio\bin;C:\Users\Lenovo\AppData\Local\Programs\Microsoft VS Code\bin
USERNAME=Lenovo
OS=Windows_NT
PROCESSOR_IDENTIFIER=Intel64 Family 6 Model 186 Stepping 2, GenuineIntel
TMP=C:\Users\Lenovo\AppData\Local\Temp
TEMP=C:\Users\Lenovo\AppData\Local\Temp




---------------  S Y S T E M  ---------------

OS:
 Windows 11 , 64 bit Build 22621 (10.0.22621.3527)
OS uptime: 5 days 21:55 hours
Hyper-V role detected

CPU: total 16 (initial active 16) (8 cores per cpu, 2 threads per core) family 6 model 186 stepping 2 microcode 0x4121, cx8, cmov, fxsr, ht, mmx, 3dnowpref, sse, sse2, sse3, ssse3, sse4.1, sse4.2, popcnt, lzcnt, tsc, tscinvbit, avx, avx2, aes, erms, clmul, bmi1, bmi2, adx, sha, fma, vzeroupper, clflush, clflushopt, clwb, hv, serialize, rdtscp, rdpid, fsrm, f16c, cet_ibt, cet_ss

Memory: 4k page, system-wide physical 16057M (612M free)
TotalPageFile size 53556M (AvailPageFile size 0M)
current process WorkingSet (physical memory assigned to process): 146M, peak: 213M
current process commit charge ("private bytes"): 387M, peak: 394M

vm_info: Java HotSpot(TM) 64-Bit Server VM (20.0.2+9-78) for windows-amd64 JRE (20.0.2+9-78), built on 2023-06-14T10:08:48Z by "mach5one" with MS VC++ 17.1 (VS2022)

END.
